2026-01-04T08:12:37.120Z - info: Website generation started at 4:12:37 PM
2026-01-04T08:12:37.145Z - info: Building assets...
2026-01-04T08:12:37.161Z - info: Assets built
2026-01-04T08:12:37.162Z - info: Generating pages...
2026-01-04T08:12:37.461Z - warn: You might have an invalid intra-link! Ignore this warning if it was intended.
'/customviews/userGuide/components/configuration.html' found in file '/Users/gerteck/dev/customviews/docs/userGuide/components/toggles.md'
2026-01-04T08:12:37.462Z - info: Pages built
2026-01-04T08:12:37.529Z - info: Site data built
2026-01-04T08:12:37.529Z - info: Website generation complete! Total build time: 0.438s
2026-01-04T08:12:38.542Z - info: Serving "/Users/gerteck/dev/customviews/docs/_site" at http://127.0.0.1:59748
2026-01-04T08:12:38.542Z - info: Press CTRL+C to stop ...
2026-01-04T08:13:35.553Z - info: [4:13:35 PM] Reload for file change: /Users/gerteck/dev/customviews/docs/userGuide/components/tabs.md
2026-01-04T08:13:36.560Z - info: Rebuilding 1 pages
2026-01-04T08:13:36.672Z - info: Site data built
2026-01-04T08:13:36.672Z - info: Pages rebuilt
2026-01-04T08:13:36.672Z - info: Website regeneration complete! Total build time: 0.113s
2026-01-04T08:13:53.384Z - info: [4:13:53 PM] Reload for file change: /Users/gerteck/dev/customviews/docs/userGuide/components/tabs.md
2026-01-04T08:13:54.386Z - info: Rebuilding 1 pages
2026-01-04T08:13:54.498Z - info: Site data built
2026-01-04T08:13:54.498Z - info: Pages rebuilt
2026-01-04T08:13:54.498Z - info: Website regeneration complete! Total build time: 0.113s
2026-01-04T08:14:12.697Z - info: [4:14:12 PM] Reload for file change: /Users/gerteck/dev/customviews/docs/userGuide/components/tabs.md
2026-01-04T08:14:13.699Z - info: Rebuilding 1 pages
2026-01-04T08:14:13.791Z - info: Site data built
2026-01-04T08:14:13.791Z - info: Pages rebuilt
2026-01-04T08:14:13.791Z - info: Website regeneration complete! Total build time: 0.092s
2026-01-04T08:14:16.520Z - info: [4:14:16 PM] Reload for file change: /Users/gerteck/dev/customviews/docs/userGuide/components/tabs.md
2026-01-04T08:14:17.521Z - info: Rebuilding 1 pages
2026-01-04T08:14:17.584Z - info: Site data built
2026-01-04T08:14:17.584Z - info: Pages rebuilt
2026-01-04T08:14:17.584Z - info: Website regeneration complete! Total build time: 0.064s
2026-01-04T08:14:23.420Z - info: [4:14:23 PM] Reload for file change: /Users/gerteck/dev/customviews/docs/userGuide/components/tabs.md
2026-01-04T08:14:24.423Z - info: Rebuilding 1 pages
2026-01-04T08:14:24.526Z - info: Site data built
2026-01-04T08:14:24.526Z - info: Pages rebuilt
2026-01-04T08:14:24.526Z - info: Website regeneration complete! Total build time: 0.104s
2026-01-04T08:14:47.163Z - info: [4:14:47 PM] Reload for file change: /Users/gerteck/dev/customviews/docs/userGuide/components/tabs.md
2026-01-04T08:14:48.165Z - info: Rebuilding 1 pages
2026-01-04T08:14:48.240Z - info: Site data built
2026-01-04T08:14:48.240Z - info: Pages rebuilt
2026-01-04T08:14:48.240Z - info: Website regeneration complete! Total build time: 0.076s
2026-01-04T08:15:27.797Z - info: [4:15:27 PM] Reload for file change: /Users/gerteck/dev/customviews/docs/userGuide/components/tabs.md
2026-01-04T08:15:28.802Z - info: Rebuilding 1 pages
2026-01-04T08:15:28.912Z - info: Site data built
2026-01-04T08:15:28.912Z - info: Pages rebuilt
2026-01-04T08:15:28.912Z - info: Website regeneration complete! Total build time: 0.111s
2026-01-04T08:15:34.644Z - info: [4:15:34 PM] Reload for file change: /Users/gerteck/dev/customviews/docs/userGuide/components/tabs.md
2026-01-04T08:15:35.647Z - info: Rebuilding 1 pages
2026-01-04T08:15:35.735Z - info: Site data built
2026-01-04T08:15:35.735Z - info: Pages rebuilt
2026-01-04T08:15:35.736Z - info: Website regeneration complete! Total build time: 0.089s
2026-01-04T08:17:22.010Z - info: [4:17:22 PM] Reload for file change: /Users/gerteck/dev/customviews/docs/userGuide/components/toggles.md
2026-01-04T08:17:23.012Z - info: Rebuilding 1 pages
2026-01-04T08:17:23.082Z - warn: You might have an invalid intra-link! Ignore this warning if it was intended.
'/customviews/userGuide/components/configuration.html' found in file '/Users/gerteck/dev/customviews/docs/userGuide/components/toggles.md'
2026-01-04T08:17:23.083Z - info: Site data built
2026-01-04T08:17:23.083Z - info: Pages rebuilt
2026-01-04T08:17:23.083Z - info: Website regeneration complete! Total build time: 0.072s
2026-01-04T08:18:11.991Z - info: [4:18:11 PM] Reload for file change: /Users/gerteck/dev/customviews/docs/userGuide/components/toggles.md
2026-01-04T08:18:12.993Z - info: Rebuilding 1 pages
2026-01-04T08:18:13.052Z - warn: You might have an invalid intra-link! Ignore this warning if it was intended.
'/customviews/userGuide/components/configuration.html' found in file '/Users/gerteck/dev/customviews/docs/userGuide/components/toggles.md'
2026-01-04T08:18:13.053Z - info: Site data built
2026-01-04T08:18:13.053Z - info: Pages rebuilt
2026-01-04T08:18:13.053Z - info: Website regeneration complete! Total build time: 0.06s
2026-01-04T08:19:28.535Z - info: [4:19:28 PM] Reload for file change: /Users/gerteck/dev/customviews/docs/userGuide/components/toggles.md
2026-01-04T08:19:29.542Z - info: Rebuilding 1 pages
2026-01-04T08:19:29.586Z - warn: You might have an invalid intra-link! Ignore this warning if it was intended.
'/customviews/userGuide/components/configuration.html' found in file '/Users/gerteck/dev/customviews/docs/userGuide/components/toggles.md'
2026-01-04T08:19:29.587Z - info: Site data built
2026-01-04T08:19:29.587Z - info: Pages rebuilt
2026-01-04T08:19:29.587Z - info: Website regeneration complete! Total build time: 0.045s
2026-01-04T08:20:17.679Z - info: [4:20:17 PM] Reload for file change: /Users/gerteck/dev/customviews/docs/userGuide/components/tabs.md
2026-01-04T08:20:18.681Z - info: Rebuilding 1 pages
2026-01-04T08:20:18.802Z - info: Site data built
2026-01-04T08:20:18.802Z - info: Pages rebuilt
2026-01-04T08:20:18.802Z - info: Website regeneration complete! Total build time: 0.121s
2026-01-04T08:20:40.843Z - info: [4:20:40 PM] Reload for file change: /Users/gerteck/dev/customviews/docs/userGuide/components/tabs.md
2026-01-04T08:20:41.847Z - info: Rebuilding 1 pages
2026-01-04T08:20:41.944Z - info: Site data built
2026-01-04T08:20:41.944Z - info: Pages rebuilt
2026-01-04T08:20:41.944Z - info: Website regeneration complete! Total build time: 0.098s
2026-01-04T08:20:54.917Z - info: [4:20:54 PM] Reload for file change: /Users/gerteck/dev/customviews/docs/userGuide/components/tabs.md
2026-01-04T08:20:55.919Z - info: Rebuilding 1 pages
2026-01-04T08:20:56.041Z - info: Site data built
2026-01-04T08:20:56.041Z - info: Pages rebuilt
2026-01-04T08:20:56.041Z - info: Website regeneration complete! Total build time: 0.123s
2026-01-04T08:21:55.644Z - info: [4:21:55 PM] Reload for file change: /Users/gerteck/dev/customviews/docs/userGuide/components/tabs.md
2026-01-04T08:21:56.648Z - info: Rebuilding 1 pages
2026-01-04T08:21:56.767Z - info: Site data built
2026-01-04T08:21:56.768Z - info: Pages rebuilt
2026-01-04T08:21:56.768Z - info: Website regeneration complete! Total build time: 0.121s
2026-01-04T08:22:33.314Z - info: [4:22:33 PM] Reload for file change: /Users/gerteck/dev/customviews/docs/userGuide/components/tabs.md
2026-01-04T08:22:34.315Z - info: Rebuilding 1 pages
2026-01-04T08:22:34.423Z - info: Site data built
2026-01-04T08:22:34.424Z - info: Pages rebuilt
2026-01-04T08:22:34.424Z - info: Website regeneration complete! Total build time: 0.11s
2026-01-04T08:23:42.599Z - info: [4:23:42 PM] Reload for file change: /Users/gerteck/dev/customviews/docs/userGuide/components/tabs.md
2026-01-04T08:23:43.602Z - info: Rebuilding 1 pages
2026-01-04T08:23:43.696Z - info: Site data built
2026-01-04T08:23:43.696Z - info: Pages rebuilt
2026-01-04T08:23:43.696Z - info: Website regeneration complete! Total build time: 0.095s
2026-01-04T08:23:44.580Z - info: [4:23:44 PM] Reload for file change: /Users/gerteck/dev/customviews/docs/userGuide/components/tabs.md
2026-01-04T08:23:45.580Z - info: Rebuilding 1 pages
2026-01-04T08:23:45.660Z - info: Site data built
2026-01-04T08:23:45.660Z - info: Pages rebuilt
2026-01-04T08:23:45.660Z - info: Website regeneration complete! Total build time: 0.08s
2026-01-04T08:23:46.582Z - info: [4:23:46 PM] Reload for file change: /Users/gerteck/dev/customviews/docs/userGuide/components/tabs.md
2026-01-04T08:23:47.584Z - info: Rebuilding 1 pages
2026-01-04T08:23:47.650Z - info: Site data built
2026-01-04T08:23:47.650Z - info: Pages rebuilt
2026-01-04T08:23:47.650Z - info: Website regeneration complete! Total build time: 0.067s
2026-01-04T08:24:22.820Z - info: [4:24:22 PM] Reload for file change: /Users/gerteck/dev/customviews/docs/userGuide/components/tabs.md
2026-01-04T08:24:23.822Z - info: Rebuilding 1 pages
2026-01-04T08:24:23.929Z - info: Site data built
2026-01-04T08:24:23.929Z - info: Pages rebuilt
2026-01-04T08:24:23.929Z - info: Website regeneration complete! Total build time: 0.108s
2026-01-04T08:24:37.905Z - info: [4:24:37 PM] Reload for file change: /Users/gerteck/dev/customviews/docs/userGuide/components/tabs.md
2026-01-04T08:24:38.907Z - info: Rebuilding 1 pages
2026-01-04T08:24:39.026Z - info: Site data built
2026-01-04T08:24:39.026Z - info: Pages rebuilt
2026-01-04T08:24:39.026Z - info: Website regeneration complete! Total build time: 0.12s
2026-01-04T10:28:36.031Z - info: Website generation started at 6:28:36 PM
2026-01-04T10:28:36.057Z - info: Building assets...
2026-01-04T10:28:36.077Z - info: Assets built
2026-01-04T10:28:36.078Z - info: Generating pages...
2026-01-04T10:28:36.361Z - warn: You might have an invalid intra-link! Ignore this warning if it was intended.
'/customviews/userGuide/components/configuration.html' found in file '/Users/gerteck/dev/customviews/docs/userGuide/components/toggles.md'
2026-01-04T10:28:36.362Z - info: Pages built
2026-01-04T10:28:36.441Z - info: Site data built
2026-01-04T10:28:36.442Z - info: Website generation complete! Total build time: 0.44s
2026-01-04T10:28:36.442Z - info: Build success!
2026-01-04T10:28:40.011Z - info: The website has been deployed at: https://customviews-js.github.io/customviews
2026-01-04T10:28:51.414Z - info: Website generation started at 6:28:51 PM
2026-01-04T10:28:51.433Z - info: Building assets...
2026-01-04T10:28:51.444Z - info: Assets built
2026-01-04T10:28:51.445Z - info: Generating pages...
2026-01-04T10:28:51.729Z - warn: You might have an invalid intra-link! Ignore this warning if it was intended.
'/customviews/userGuide/components/configuration.html' found in file '/Users/gerteck/dev/customviews/docs/userGuide/components/toggles.md'
2026-01-04T10:28:51.729Z - info: Pages built
2026-01-04T10:28:51.793Z - info: Site data built
2026-01-04T10:28:51.793Z - info: Website generation complete! Total build time: 0.423s
2026-01-04T10:28:51.793Z - info: Build success!
2026-01-04T10:28:55.032Z - info: The website has been deployed at: https://customviews-js.github.io/customviews
2026-01-04T10:28:58.127Z - info: Website generation started at 6:28:58 PM
2026-01-04T10:28:58.142Z - info: Building assets...
2026-01-04T10:28:58.153Z - info: Assets built
2026-01-04T10:28:58.153Z - info: Generating pages...
2026-01-04T10:28:58.433Z - warn: You might have an invalid intra-link! Ignore this warning if it was intended.
'/customviews/userGuide/components/configuration.html' found in file '/Users/gerteck/dev/customviews/docs/userGuide/components/toggles.md'
2026-01-04T10:28:58.434Z - info: Pages built
2026-01-04T10:28:58.458Z - info: Site data built
2026-01-04T10:28:58.458Z - info: Website generation complete! Total build time: 0.352s
2026-01-04T10:28:58.468Z - info: Serving "/Users/gerteck/dev/customviews/docs/_site" at http://127.0.0.1:8080
2026-01-04T10:28:58.468Z - info: Press CTRL+C to stop ...
2026-01-04T10:43:05.425Z - info: [6:43:05 PM] Reload for file change: /Users/gerteck/dev/customviews/docs/_markbind/plugins/customviews.js
2026-01-04T10:43:06.437Z - info: Assets built
