2026-01-05T19:36:01.927Z - info: Website generation started at 3:36:01 AM
2026-01-05T19:36:01.948Z - info: Building assets...
2026-01-05T19:36:01.959Z - info: Assets built
2026-01-05T19:36:01.959Z - info: Generating pages...
2026-01-05T19:36:02.237Z - warn: You might have an invalid intra-link! Ignore this warning if it was intended.
'/customviews/userGuide/components/configuration.html' found in file '/Users/gerteck/dev/customviews/docs/userGuide/components/toggles.md'
2026-01-05T19:36:02.237Z - info: Pages built
2026-01-05T19:36:02.307Z - info: Site data built
2026-01-05T19:36:02.307Z - info: Website generation complete! Total build time: 0.418s
2026-01-05T19:36:02.317Z - info: Serving "/Users/gerteck/dev/customviews/docs/_site" at http://127.0.0.1:8080
2026-01-05T19:36:02.317Z - info: Press CTRL+C to stop ...
2026-01-06T06:53:22.749Z - info: Website generation started at 2:53:22 PM
2026-01-06T06:53:22.767Z - info: Building assets...
2026-01-06T06:53:22.829Z - info: Assets built
2026-01-06T06:53:22.830Z - info: Generating pages...
2026-01-06T06:53:23.078Z - warn: You might have an invalid intra-link! Ignore this warning if it was intended.
'/userGuide/migration.html' found in file '/Users/gerteck/dev/customviews/docs/_markbind/layouts/userGuide.md'
2026-01-06T06:53:23.078Z - warn: You might have an invalid intra-link! Ignore this warning if it was intended.
'/userGuide/components/configuration.html' found in file '/Users/gerteck/dev/customviews/docs/userGuide/components/toggles.md'
2026-01-06T06:53:23.079Z - info: Pages built
2026-01-06T06:53:23.141Z - info: Site data built
2026-01-06T06:53:23.141Z - info: Website generation complete! Total build time: 0.432s
2026-01-06T06:53:23.149Z - info: Serving "/Users/gerteck/dev/customviews/docs/_site" at http://127.0.0.1:8080
2026-01-06T06:53:23.149Z - info: Press CTRL+C to stop ...
2026-01-06T06:53:38.064Z - info: [2:53:38 PM] Reload for file change: /Users/gerteck/dev/customviews/docs/_markbind/layouts/userGuide.md
2026-01-06T06:53:39.076Z - info: Rebuilding 8 pages
2026-01-06T06:53:39.197Z - warn: You might have an invalid intra-link! Ignore this warning if it was intended.
'/userGuide/components/configuration.html' found in file '/Users/gerteck/dev/customviews/docs/userGuide/components/toggles.md'
2026-01-06T06:53:39.197Z - info: Site data built
2026-01-06T06:53:39.197Z - info: Pages rebuilt
2026-01-06T06:53:39.197Z - info: Website regeneration complete! Total build time: 0.122s
2026-01-06T06:54:17.545Z - info: [2:54:17 PM] Reload for file change: /Users/gerteck/dev/customviews/docs/userGuide/components/toggles.md
2026-01-06T06:54:18.546Z - info: Rebuilding 1 pages
2026-01-06T06:54:18.579Z - info: Site data built
2026-01-06T06:54:18.579Z - info: Pages rebuilt
2026-01-06T06:54:18.579Z - info: Website regeneration complete! Total build time: 0.033s
2026-01-06T06:54:21.506Z - info: Website generation started at 2:54:21 PM
2026-01-06T06:54:21.520Z - info: Building assets...
2026-01-06T06:54:21.574Z - info: Assets built
2026-01-06T06:54:21.574Z - info: Generating pages...
2026-01-06T06:54:21.817Z - info: Pages built
2026-01-06T06:54:21.868Z - info: Site data built
2026-01-06T06:54:21.869Z - info: Website generation complete! Total build time: 0.404s
2026-01-06T06:54:21.875Z - info: Serving "/Users/gerteck/dev/customviews/docs/_site" at http://127.0.0.1:8080
2026-01-06T06:54:21.875Z - info: Press CTRL+C to stop ...
2026-01-06T06:55:45.961Z - info: Website generation started at 2:55:45 PM
2026-01-06T06:55:45.974Z - info: Building assets...
2026-01-06T06:55:46.013Z - info: Assets built
2026-01-06T06:55:46.014Z - info: Generating pages...
2026-01-06T06:55:46.268Z - info: Pages built
2026-01-06T06:55:46.289Z - info: Site data built
2026-01-06T06:55:46.289Z - info: Website generation complete! Total build time: 0.368s
2026-01-06T06:55:46.295Z - info: Serving "/Users/gerteck/dev/customviews/docs/_site" at http://127.0.0.1:8080
2026-01-06T06:55:46.295Z - info: Press CTRL+C to stop ...
2026-01-06T06:56:13.746Z - info: [2:56:13 PM] Reload for file change: /Users/gerteck/dev/customviews/docs/_markbind/plugins/customviews.js
2026-01-06T06:56:14.751Z - info: Assets built
2026-01-06T06:56:23.321Z - info: [2:56:23 PM] Reload for file change: /Users/gerteck/dev/customviews/docs/_markbind/plugins/customviews.js
2026-01-06T06:56:24.324Z - info: Assets built
2026-01-06T06:56:25.492Z - info: Website generation started at 2:56:25 PM
2026-01-06T06:56:25.505Z - info: Building assets...
2026-01-06T06:56:25.544Z - info: Assets built
2026-01-06T06:56:25.544Z - info: Generating pages...
2026-01-06T06:56:25.789Z - info: Pages built
2026-01-06T06:56:25.810Z - info: Site data built
2026-01-06T06:56:25.810Z - info: Website generation complete! Total build time: 0.358s
2026-01-06T06:56:25.817Z - info: Serving "/Users/gerteck/dev/customviews/docs/_site" at http://127.0.0.1:8080
2026-01-06T06:56:25.817Z - info: Press CTRL+C to stop ...
2026-01-06T06:56:49.522Z - info: [2:56:49 PM] Reload for file change: /Users/gerteck/dev/customviews/docs/stable-site.json
2026-01-06T06:56:49.526Z - info: No pages needed to be rebuilt
2026-01-06T06:57:50.009Z - info: Website generation started at 2:57:49 PM
2026-01-06T06:57:50.023Z - info: Building assets...
2026-01-06T06:57:50.062Z - info: Assets built
2026-01-06T06:57:50.062Z - info: Generating pages...
2026-01-06T06:57:50.311Z - info: Pages built
2026-01-06T06:57:50.334Z - info: Site data built
2026-01-06T06:57:50.334Z - info: Website generation complete! Total build time: 0.393s
2026-01-06T06:57:50.334Z - info: Build success!
2026-01-06T06:57:55.885Z - info: The website has been deployed at: https://customviews-js.github.io/customviews-js.github.io
2026-01-06T07:20:55.164Z - info: Website generation started at 3:20:55 PM
2026-01-06T07:20:55.191Z - info: Building assets...
